<?xml version="1.0" encoding="UTF-8"?>
<testng-results skipped="0" failed="1" total="2" passed="1">
  <reporter-output>
  </reporter-output>
  <suite name="Suite" duration-ms="57093" started-at="2020-01-05T02:55:44Z" finished-at="2020-01-05T02:56:41Z">
    <groups>
    </groups>
    <test name="On Chrome" duration-ms="12434" started-at="2020-01-05T02:55:44Z" finished-at="2020-01-05T02:55:56Z">
      <class name="grid.GridEg">
        <test-method status="PASS" signature="login(java.lang.String)[pri:0, instance:grid.GridEg@7921b0a2]" name="login" duration-ms="12385" started-at="2020-01-05T08:25:44Z" finished-at="2020-01-05T08:25:56Z">
          <params>
            <param index="0">
              <value>
                <![CDATA[chrome]]>
              </value>
            </param>
          </params>
          <reporter-output>
          </reporter-output>
        </test-method> <!-- login -->
      </class> <!-- grid.GridEg -->
    </test> <!-- On Chrome -->
    <test name="On Firefox" duration-ms="57093" started-at="2020-01-05T02:55:44Z" finished-at="2020-01-05T02:56:41Z">
      <class name="grid.GridEg">
        <test-method status="FAIL" signature="login(java.lang.String)[pri:0, instance:grid.GridEg@36d4b5c]" name="login" duration-ms="57023" started-at="2020-01-05T08:25:44Z" finished-at="2020-01-05T08:26:41Z">
          <params>
            <param index="0">
              <value>
                <![CDATA[firefox]]>
              </value>
            </param>
          </params>
          <exception class="org.openqa.selenium.WebDriverException">
            <message>
              <![CDATA[Unable to connect to host 127.0.0.1 on port 7055 after 45000 ms. Firefox console output:
null,"contributors":null,"locales":["af"]},{"name":"ÙˆÛŒÚ©ÛŒâ€ŒÙ¾Ø¯ÛŒØ§ (fa)","description":"ÙˆÛŒÚ©ÛŒâ€ŒÙ¾Ø¯ÛŒØ§ØŒ Ø¯Ø§Ù†Ø´Ù†Ø§Ù…Ù‡Ù” Ø¢Ø²Ø§Ø¯","creator":null,"developers":null,"translators":null,"contributors":null,"locales":["fa"]},{"name":"à´µà´¿à´•àµ�à´•à´¿à´ªàµ€à´¡à´¿à´¯ (ml)","description":"à´µà´¿à´•àµ�à´•à´¿à´ªàµ€à´¡à´¿à´¯, à´¸àµ�à´µà´¤à´¨àµ�à´¤àµ�à´° à´¸à´°àµ�â€�à´µàµ�à´µà´µà´¿à´œàµ�à´žà´¾à´¨à´•àµ‹à´¶à´‚ ","creator":null,"developers":null,"translators":null,"contributors":null,"locales":["ml"]},{"name":"Wikipedia (ms)","description":"Wikipedia, ensiklopedia bebas","creator":null,"developers":null,"translators":null,"contributors":null,"locales":["ms"]},{"name":"Wikipedia (ia)","description":"Wikipedia, le encyclopedia libere","creator":null,"developers":null,"translators":null,"contributors":null,"locales":["ia"]},{"name":"Wikipedia (no)","description":"Wikipedia, den frie encyklopedi","creator":null,"developers":null,"translators":null,"contributors":null,"locales":["NO"]},{"name":"Ð’Ð¸ÐºÐ¸Ð¿ÐµÐ´Ð¸Ñ� (ru)","description":"Ð’Ð¸ÐºÐ¸Ð¿ÐµÐ´Ð¸Ñ�, Ñ�Ð²Ð¾Ð±Ð¾Ð´Ð½Ð°Ñ� Ñ�Ð½Ñ†Ð¸ÐºÐ»Ð¾Ð¿ÐµÐ´Ð¸Ñ�","creator":null,"developers":null,"translators":null,"contributors":null,"locales":["ru"]},{"name":"Wikipedia (br)","description":"Wikipedia, an holloueziadur digor","creator":null,"developers":null,"translators":null,"contributors":null,"locales":["br"]},{"name":"Wikipedia (pl)","description":"Wikipedia, wolna encyklopedia","creator":null,"developers":null,"translators":null,"contributors":null,"locales":["pl"]},{"name":"Ð’Ñ–ÐºÑ–Ð¿Ñ�Ð´Ñ‹Ñ� (be-tarask)","description":"Ð’Ñ–ÐºÑ–Ð¿Ñ�Ð´Ñ‹Ñ�, Ð²Ð¾Ð»ÑŒÐ½Ð°Ñ� Ñ�Ð½Ñ†Ñ‹ÐºÐ»Ñ�Ð¿Ñ�Ð´Ñ‹Ñ�","creator":null,"developers":null,"translators":null,"contributors":null,"locales":["be-tarask"]},{"name":"Wikipedia (sv)","description":"Wikipedia, den fria encyklopedin","creator":null,"developers":null,"translators":null,"contributors":null,"locales":["sv-SE"]},{"name":"àº§àº´àº�àº´àºžàºµà»€àº”àº� (lo)","description":"àº§àº´àº�àº´àºžàºµà»€àº”àº�, àºªàº²àº¥àº²àº™àº¸àº�àº»àº¡à»€àºªàº¥àºµ","creator":null,"developers":null,"translators":null,"contributors":null,"locales":["lo"]},{"name":"Wikipedija (sl)","description":"Wikipedija, prosta enciklopedija","creator":null,"developers":null,"translators":null,"contributors":null,"locales":["sl"]},{"name":"VikipÄ“dija","description":"VikipÄ“dija, brÄ«vÄ� enciklopÄ“dija","creator":null,"developers":null,"translators":null,"contributors":null,"locales":["lv"]},{"name":"Biquipedia (an)","description":"A enciclopedia Libre","creator":null,"developers":null,"translators":null,"contributors":null,"locales":["an"]}],"targetApplications":[{"id":"toolkit@mozilla.org","minVersion":null,"maxVersion":null}],"targetPlatforms":[],"seen":true,"dependencies":[],"incognito":"spanning","userPermissions":{"permissions":[],"origins":[]},"icons":{"16":"favicon.ico"},"iconURL":null,"blocklistState":0,"blocklistURL":null,"startupData":null,"hidden":true,"installTelemetryInfo":null,"recommendationState":null,"rootURI":"resource://search-extensions/wikipedia/","location":"app-builtin"}
1578192964206	addons.xpi	DEBUG	Loading bootstrap scope from resource://search-extensions/wikipedia/
1578192964206	addons.xpi	DEBUG	Calling bootstrap method install on wikipedia@search.mozilla.org version 1.0
1578192964206	addons.xpi	DEBUG	Calling bootstrap method startup on wikipedia@search.mozilla.org version 1.0
1578192992268	addons.productaddons	INFO	sending request to: https://aus5.mozilla.org/update/3/GMP/71.0/20191202093317/WINNT_x86_64-msvc-x64/en-US/release/Windows_NT%2010.0.0.0.18362.535%20(x64)/default/default/update.xml
1578192992336	addons.productaddons	INFO	Completed downloading document
1578192993471	addons.productaddons	INFO	downloadXHR File download. status=200
1578192993477	addons.productaddons	INFO	Downloaded file will be saved to C:\Users\SHARAT~1\AppData\Local\Temp\tmpaddon-323534
1578192995801	addons.productaddons	INFO	downloadXHR File download. status=200
1578192995805	addons.productaddons	INFO	Downloaded file will be saved to C:\Users\SHARAT~1\AppData\Local\Temp\tmpaddon-c82034

Command duration or timeout: 55.20 seconds
Build info: version: '2.53.1', revision: 'a36b8b1', time: '2016-06-30 17:37:03'
System info: host: 'DESKTOP-ASB5QBL', ip: '192.168.0.5', os.name: 'Windows 10', os.arch: 'amd64', os.version: '10.0', java.version: '1.8.0_221'
Driver info: org.openqa.selenium.remote.RemoteWebDriver]]>
            </message>
            <full-stacktrace>
              <![CDATA[org.openqa.selenium.WebDriverException: Unable to connect to host 127.0.0.1 on port 7055 after 45000 ms. Firefox console output:
null,"contributors":null,"locales":["af"]},{"name":"ÙˆÛŒÚ©ÛŒâ€ŒÙ¾Ø¯ÛŒØ§ (fa)","description":"ÙˆÛŒÚ©ÛŒâ€ŒÙ¾Ø¯ÛŒØ§ØŒ Ø¯Ø§Ù†Ø´Ù†Ø§Ù…Ù‡Ù” Ø¢Ø²Ø§Ø¯","creator":null,"developers":null,"translators":null,"contributors":null,"locales":["fa"]},{"name":"à´µà´¿à´•àµ�à´•à´¿à´ªàµ€à´¡à´¿à´¯ (ml)","description":"à´µà´¿à´•àµ�à´•à´¿à´ªàµ€à´¡à´¿à´¯, à´¸àµ�à´µà´¤à´¨àµ�à´¤àµ�à´° à´¸à´°àµ�â€�à´µàµ�à´µà´µà´¿à´œàµ�à´žà´¾à´¨à´•àµ‹à´¶à´‚ ","creator":null,"developers":null,"translators":null,"contributors":null,"locales":["ml"]},{"name":"Wikipedia (ms)","description":"Wikipedia, ensiklopedia bebas","creator":null,"developers":null,"translators":null,"contributors":null,"locales":["ms"]},{"name":"Wikipedia (ia)","description":"Wikipedia, le encyclopedia libere","creator":null,"developers":null,"translators":null,"contributors":null,"locales":["ia"]},{"name":"Wikipedia (no)","description":"Wikipedia, den frie encyklopedi","creator":null,"developers":null,"translators":null,"contributors":null,"locales":["NO"]},{"name":"Ð’Ð¸ÐºÐ¸Ð¿ÐµÐ´Ð¸Ñ� (ru)","description":"Ð’Ð¸ÐºÐ¸Ð¿ÐµÐ´Ð¸Ñ�, Ñ�Ð²Ð¾Ð±Ð¾Ð´Ð½Ð°Ñ� Ñ�Ð½Ñ†Ð¸ÐºÐ»Ð¾Ð¿ÐµÐ´Ð¸Ñ�","creator":null,"developers":null,"translators":null,"contributors":null,"locales":["ru"]},{"name":"Wikipedia (br)","description":"Wikipedia, an holloueziadur digor","creator":null,"developers":null,"translators":null,"contributors":null,"locales":["br"]},{"name":"Wikipedia (pl)","description":"Wikipedia, wolna encyklopedia","creator":null,"developers":null,"translators":null,"contributors":null,"locales":["pl"]},{"name":"Ð’Ñ–ÐºÑ–Ð¿Ñ�Ð´Ñ‹Ñ� (be-tarask)","description":"Ð’Ñ–ÐºÑ–Ð¿Ñ�Ð´Ñ‹Ñ�, Ð²Ð¾Ð»ÑŒÐ½Ð°Ñ� Ñ�Ð½Ñ†Ñ‹ÐºÐ»Ñ�Ð¿Ñ�Ð´Ñ‹Ñ�","creator":null,"developers":null,"translators":null,"contributors":null,"locales":["be-tarask"]},{"name":"Wikipedia (sv)","description":"Wikipedia, den fria encyklopedin","creator":null,"developers":null,"translators":null,"contributors":null,"locales":["sv-SE"]},{"name":"àº§àº´àº�àº´àºžàºµà»€àº”àº� (lo)","description":"àº§àº´àº�àº´àºžàºµà»€àº”àº�, àºªàº²àº¥àº²àº™àº¸àº�àº»àº¡à»€àºªàº¥àºµ","creator":null,"developers":null,"translators":null,"contributors":null,"locales":["lo"]},{"name":"Wikipedija (sl)","description":"Wikipedija, prosta enciklopedija","creator":null,"developers":null,"translators":null,"contributors":null,"locales":["sl"]},{"name":"VikipÄ“dija","description":"VikipÄ“dija, brÄ«vÄ� enciklopÄ“dija","creator":null,"developers":null,"translators":null,"contributors":null,"locales":["lv"]},{"name":"Biquipedia (an)","description":"A enciclopedia Libre","creator":null,"developers":null,"translators":null,"contributors":null,"locales":["an"]}],"targetApplications":[{"id":"toolkit@mozilla.org","minVersion":null,"maxVersion":null}],"targetPlatforms":[],"seen":true,"dependencies":[],"incognito":"spanning","userPermissions":{"permissions":[],"origins":[]},"icons":{"16":"favicon.ico"},"iconURL":null,"blocklistState":0,"blocklistURL":null,"startupData":null,"hidden":true,"installTelemetryInfo":null,"recommendationState":null,"rootURI":"resource://search-extensions/wikipedia/","location":"app-builtin"}
1578192964206	addons.xpi	DEBUG	Loading bootstrap scope from resource://search-extensions/wikipedia/
1578192964206	addons.xpi	DEBUG	Calling bootstrap method install on wikipedia@search.mozilla.org version 1.0
1578192964206	addons.xpi	DEBUG	Calling bootstrap method startup on wikipedia@search.mozilla.org version 1.0
1578192992268	addons.productaddons	INFO	sending request to: https://aus5.mozilla.org/update/3/GMP/71.0/20191202093317/WINNT_x86_64-msvc-x64/en-US/release/Windows_NT%2010.0.0.0.18362.535%20(x64)/default/default/update.xml
1578192992336	addons.productaddons	INFO	Completed downloading document
1578192993471	addons.productaddons	INFO	downloadXHR File download. status=200
1578192993477	addons.productaddons	INFO	Downloaded file will be saved to C:\Users\SHARAT~1\AppData\Local\Temp\tmpaddon-323534
1578192995801	addons.productaddons	INFO	downloadXHR File download. status=200
1578192995805	addons.productaddons	INFO	Downloaded file will be saved to C:\Users\SHARAT~1\AppData\Local\Temp\tmpaddon-c82034

Command duration or timeout: 55.20 seconds
Build info: version: '2.53.1', revision: 'a36b8b1', time: '2016-06-30 17:37:03'
System info: host: 'DESKTOP-ASB5QBL', ip: '192.168.0.5', os.name: 'Windows 10', os.arch: 'amd64', os.version: '10.0', java.version: '1.8.0_221'
Driver info: org.openqa.selenium.remote.RemoteWebDriver
	at sun.reflect.NativeConstructorAccessorImpl.newInstance0(Native Method)
	at sun.reflect.NativeConstructorAccessorImpl.newInstance(Unknown Source)
	at sun.reflect.DelegatingConstructorAccessorImpl.newInstance(Unknown Source)
	at java.lang.reflect.Constructor.newInstance(Unknown Source)
	at org.openqa.selenium.remote.ErrorHandler.createThrowable(ErrorHandler.java:206)
	at org.openqa.selenium.remote.ErrorHandler.throwIfResponseFailed(ErrorHandler.java:158)
	at org.openqa.selenium.remote.RemoteWebDriver.execute(RemoteWebDriver.java:678)
	at org.openqa.selenium.remote.RemoteWebDriver.startSession(RemoteWebDriver.java:249)
	at org.openqa.selenium.remote.RemoteWebDriver.<init>(RemoteWebDriver.java:131)
	at org.openqa.selenium.remote.RemoteWebDriver.<init>(RemoteWebDriver.java:158)
	at grid.GridEg.login(GridEg.java:32)
	at sun.reflect.NativeMethodAccessorImpl.invoke0(Native Method)
	at sun.reflect.NativeMethodAccessorImpl.invoke(Unknown Source)
	at sun.reflect.DelegatingMethodAccessorImpl.invoke(Unknown Source)
	at java.lang.reflect.Method.invoke(Unknown Source)
	at org.testng.internal.MethodInvocationHelper.invokeMethod(MethodInvocationHelper.java:85)
	at org.testng.internal.Invoker.invokeMethod(Invoker.java:639)
	at org.testng.internal.Invoker.invokeTestMethod(Invoker.java:816)
	at org.testng.internal.Invoker.invokeTestMethods(Invoker.java:1124)
	at org.testng.internal.TestMethodWorker.invokeTestMethods(TestMethodWorker.java:125)
	at org.testng.internal.TestMethodWorker.run(TestMethodWorker.java:108)
	at org.testng.TestRunner.privateRun(TestRunner.java:774)
	at org.testng.TestRunner.run(TestRunner.java:624)
	at org.testng.SuiteRunner.runTest(SuiteRunner.java:359)
	at org.testng.SuiteRunner.access$000(SuiteRunner.java:39)
	at org.testng.SuiteRunner$SuiteWorker.run(SuiteRunner.java:393)
	at org.testng.internal.thread.ThreadUtil$2.call(ThreadUtil.java:64)
	at java.util.concurrent.FutureTask.run(Unknown Source)
	at java.util.concurrent.ThreadPoolExecutor.runWorker(Unknown Source)
	at java.util.concurrent.ThreadPoolExecutor$Worker.run(Unknown Source)
	at java.lang.Thread.run(Unknown Source)
Caused by: org.openqa.selenium.remote.ErrorHandler$UnknownServerException: Unable to connect to host 127.0.0.1 on port 7055 after 45000 ms. Firefox console output:
null,"contributors":null,"locales":["af"]},{"name":"ÙˆÛŒÚ©ÛŒâ€ŒÙ¾Ø¯ÛŒØ§ (fa)","description":"ÙˆÛŒÚ©ÛŒâ€ŒÙ¾Ø¯ÛŒØ§ØŒ Ø¯Ø§Ù†Ø´Ù†Ø§Ù…Ù‡Ù” Ø¢Ø²Ø§Ø¯","creator":null,"developers":null,"translators":null,"contributors":null,"locales":["fa"]},{"name":"à´µà´¿à´•àµ�à´•à´¿à´ªàµ€à´¡à´¿à´¯ (ml)","description":"à´µà´¿à´•àµ�à´•à´¿à´ªàµ€à´¡à´¿à´¯, à´¸àµ�à´µà´¤à´¨àµ�à´¤àµ�à´° à´¸à´°àµ�â€�à´µàµ�à´µà´µà´¿à´œàµ�à´žà´¾à´¨à´•àµ‹à´¶à´‚ ","creator":null,"developers":null,"translators":null,"contributors":null,"locales":["ml"]},{"name":"Wikipedia (ms)","description":"Wikipedia, ensiklopedia bebas","creator":null,"developers":null,"translators":null,"contributors":null,"locales":["ms"]},{"name":"Wikipedia (ia)","description":"Wikipedia, le encyclopedia libere","creator":null,"developers":null,"translators":null,"contributors":null,"locales":["ia"]},{"name":"Wikipedia (no)","description":"Wikipedia, den frie encyklopedi","creator":null,"developers":null,"translators":null,"contributors":null,"locales":["NO"]},{"name":"Ð’Ð¸ÐºÐ¸Ð¿ÐµÐ´Ð¸Ñ� (ru)","description":"Ð’Ð¸ÐºÐ¸Ð¿ÐµÐ´Ð¸Ñ�, Ñ�Ð²Ð¾Ð±Ð¾Ð´Ð½Ð°Ñ� Ñ�Ð½Ñ†Ð¸ÐºÐ»Ð¾Ð¿ÐµÐ´Ð¸Ñ�","creator":null,"developers":null,"translators":null,"contributors":null,"locales":["ru"]},{"name":"Wikipedia (br)","description":"Wikipedia, an holloueziadur digor","creator":null,"developers":null,"translators":null,"contributors":null,"locales":["br"]},{"name":"Wikipedia (pl)","description":"Wikipedia, wolna encyklopedia","creator":null,"developers":null,"translators":null,"contributors":null,"locales":["pl"]},{"name":"Ð’Ñ–ÐºÑ–Ð¿Ñ�Ð´Ñ‹Ñ� (be-tarask)","description":"Ð’Ñ–ÐºÑ–Ð¿Ñ�Ð´Ñ‹Ñ�, Ð²Ð¾Ð»ÑŒÐ½Ð°Ñ� Ñ�Ð½Ñ†Ñ‹ÐºÐ»Ñ�Ð¿Ñ�Ð´Ñ‹Ñ�","creator":null,"developers":null,"translators":null,"contributors":null,"locales":["be-tarask"]},{"name":"Wikipedia (sv)","description":"Wikipedia, den fria encyklopedin","creator":null,"developers":null,"translators":null,"contributors":null,"locales":["sv-SE"]},{"name":"àº§àº´àº�àº´àºžàºµà»€àº”àº� (lo)","description":"àº§àº´àº�àº´àºžàºµà»€àº”àº�, àºªàº²àº¥àº²àº™àº¸àº�àº»àº¡à»€àºªàº¥àºµ","creator":null,"developers":null,"translators":null,"contributors":null,"locales":["lo"]},{"name":"Wikipedija (sl)","description":"Wikipedija, prosta enciklopedija","creator":null,"developers":null,"translators":null,"contributors":null,"locales":["sl"]},{"name":"VikipÄ“dija","description":"VikipÄ“dija, brÄ«vÄ� enciklopÄ“dija","creator":null,"developers":null,"translators":null,"contributors":null,"locales":["lv"]},{"name":"Biquipedia (an)","description":"A enciclopedia Libre","creator":null,"developers":null,"translators":null,"contributors":null,"locales":["an"]}],"targetApplications":[{"id":"toolkit@mozilla.org","minVersion":null,"maxVersion":null}],"targetPlatforms":[],"seen":true,"dependencies":[],"incognito":"spanning","userPermissions":{"permissions":[],"origins":[]},"icons":{"16":"favicon.ico"},"iconURL":null,"blocklistState":0,"blocklistURL":null,"startupData":null,"hidden":true,"installTelemetryInfo":null,"recommendationState":null,"rootURI":"resource://search-extensions/wikipedia/","location":"app-builtin"}
1578192964206	addons.xpi	DEBUG	Loading bootstrap scope from resource://search-extensions/wikipedia/
1578192964206	addons.xpi	DEBUG	Calling bootstrap method install on wikipedia@search.mozilla.org version 1.0
1578192964206	addons.xpi	DEBUG	Calling bootstrap method startup on wikipedia@search.mozilla.org version 1.0
1578192992268	addons.productaddons	INFO	sending request to: https://aus5.mozilla.org/update/3/GMP/71.0/20191202093317/WINNT_x86_64-msvc-x64/en-US/release/Windows_NT%2010.0.0.0.18362.535%20(x64)/default/default/update.xml
1578192992336	addons.productaddons	INFO	Completed downloading document
1578192993471	addons.productaddons	INFO	downloadXHR File download. status=200
1578192993477	addons.productaddons	INFO	Downloaded file will be saved to C:\Users\SHARAT~1\AppData\Local\Temp\tmpaddon-323534
1578192995801	addons.productaddons	INFO	downloadXHR File download. status=200
1578192995805	addons.productaddons	INFO	Downloaded file will be saved to C:\Users\SHARAT~1\AppData\Local\Temp\tmpaddon-c82034

Build info: version: '2.53.1', revision: 'a36b8b1', time: '2016-06-30 17:37:03'
System info: host: 'DESKTOP-ASB5QBL', ip: '192.168.0.5', os.name: 'Windows 10', os.arch: 'amd64', os.version: '10.0', java.version: '1.8.0_221'
Driver info: driver.version: FirefoxDriver
	at org.openqa.selenium.firefox.internal.NewProfileExtensionConnection.start(NewProfileExtensionConnection.java:112)
	at org.openqa.selenium.firefox.FirefoxDriver.startClient(FirefoxDriver.java:271)
	at org.openqa.selenium.remote.RemoteWebDriver.<init>(RemoteWebDriver.java:119)
	at org.openqa.selenium.firefox.FirefoxDriver.<init>(FirefoxDriver.java:218)
	at org.openqa.selenium.firefox.FirefoxDriver.<init>(FirefoxDriver.java:211)
	at org.openqa.selenium.firefox.FirefoxDriver.<init>(FirefoxDriver.java:129)
	at sun.reflect.NativeConstructorAccessorImpl.newInstance0(Native Method)
	at sun.reflect.NativeConstructorAccessorImpl.newInstance(Unknown Source)
	at sun.reflect.DelegatingConstructorAccessorImpl.newInstance(Unknown Source)
	at java.lang.reflect.Constructor.newInstance(Unknown Source)
	at org.openqa.selenium.remote.server.FirefoxDriverProvider.callConstructor(FirefoxDriverProvider.java:91)
	at org.openqa.selenium.remote.server.FirefoxDriverProvider.newInstance(FirefoxDriverProvider.java:68)
	at org.openqa.selenium.remote.server.DefaultDriverFactory.newInstance(DefaultDriverFactory.java:60)
	at org.openqa.selenium.remote.server.DefaultSession$BrowserCreator.call(DefaultSession.java:222)
	at org.openqa.selenium.remote.server.DefaultSession$BrowserCreator.call(DefaultSession.java:1)
	at java.util.concurrent.FutureTask.run(Unknown Source)
	at org.openqa.selenium.remote.server.DefaultSession$1.run(DefaultSession.java:176)
	... 3 more
]]>
            </full-stacktrace>
          </exception> <!-- org.openqa.selenium.WebDriverException -->
          <reporter-output>
          </reporter-output>
        </test-method> <!-- login -->
      </class> <!-- grid.GridEg -->
    </test> <!-- On Firefox -->
  </suite> <!-- Suite -->
</testng-results>
